Building DAG of jobs...
Using shell: /media/scratch/gborrego/conda/envs/ATACpipeline/bin/bash
Provided cores: 8
Rules claiming more threads will be scaled down.
Job stats:
job        count
-------  -------
all            1
multiqc        1
total          2

Select jobs to execute...

[Thu Nov 13 16:29:11 2025]
rule multiqc:
    output: /home/gborrego/gborrego/AB_Multiomics_CD14_CD4/data/clean/qc_untrimmed/multiqc_report.html
    jobid: 1
    reason: Missing output files: /home/gborrego/gborrego/AB_Multiomics_CD14_CD4/data/clean/qc_untrimmed/multiqc_report.html
    resources: tmpdir=/tmp

[Thu Nov 13 16:29:13 2025]
Error in rule multiqc:
    jobid: 1
    output: /home/gborrego/gborrego/AB_Multiomics_CD14_CD4/data/clean/qc_untrimmed/multiqc_report.html
    shell:
        multiqc /home/gborrego/gborrego/AB_Multiomics_CD14_CD4/data/clean/qc_untrimmed -o 
        (one of the commands exited with non-zero exit code; note that snakemake uses bash strict mode!)

Shutting down, this might take some time.
Exiting because a job execution failed. Look above for error message
Complete log: .snakemake/log/2025-11-13T162911.066662.snakemake.log
