Building DAG of jobs...
Using shell: /media/scratch/gborrego/conda/envs/ATACpipeline/bin/bash
Provided cores: 8
Rules claiming more threads will be scaled down.
Job stats:
job        count
-------  -------
all            1
multiqc        1
total          2

Select jobs to execute...

[Thu Nov 13 16:34:43 2025]
rule multiqc:
    output: /home/gborrego/gborrego/AB_Multiomics_CD14_CD4/data/clean/qc_untrimmed/multiqc_report.html
    jobid: 1
    reason: Code has changed since last execution
    resources: tmpdir=/tmp

ImproperOutputException in rule multiqc in file /media/scratch/gborrego/AB_Multiomics_CD14_CD4/scripts/everlook_pipeline/ATAC_pipeline.smk, line 43:
Outputs of incorrect type (directories when expecting files or vice versa). Output directories must be flagged with directory(). for rule multiqc:
    output: /home/gborrego/gborrego/AB_Multiomics_CD14_CD4/data/clean/qc_untrimmed/multiqc_report.html
    affected files:
        /home/gborrego/gborrego/AB_Multiomics_CD14_CD4/data/clean/qc_untrimmed/multiqc_report.html
Removing output files of failed job multiqc since they might be corrupted:
/home/gborrego/gborrego/AB_Multiomics_CD14_CD4/data/clean/qc_untrimmed/multiqc_report.html
Skipped removing non-empty directory /home/gborrego/gborrego/AB_Multiomics_CD14_CD4/data/clean/qc_untrimmed/multiqc_report.html
Shutting down, this might take some time.
Exiting because a job execution failed. Look above for error message
Complete log: .snakemake/log/2025-11-13T163443.065263.snakemake.log
