Building DAG of jobs...
Using shell: /media/scratch/gborrego/conda/envs/ATACpipeline/bin/bash
Provided cores: 12
Rules claiming more threads will be scaled down.
Job stats:
job              count
-------------  -------
all                  1
samtools_sort        4
total                5

Select jobs to execute...

[Mon Nov 17 11:03:48 2025]
rule samtools_sort:
    input: /media/WORK/gborrego/AB_Multiomics_CD14_CD4/data/clean/aligned/01_0LHR_02YGIPBLN_GCA16_ATAC_hs_i17-26.sam
    output: /media/WORK/gborrego/AB_Multiomics_CD14_CD4/data/clean/aligned/01_0LHR_02YGIPBLN_GCA16_ATAC_hs_i17-26_align.bam
    log: logs/samtools_afterbw2/01_0LHR_02YGIPBLN_GCA16_ATAC_hs_i17-26.log
    jobid: 1
    reason: Missing output files: /media/WORK/gborrego/AB_Multiomics_CD14_CD4/data/clean/aligned/01_0LHR_02YGIPBLN_GCA16_ATAC_hs_i17-26_align.bam
    wildcards: uniq_sample=01_0LHR_02YGIPBLN_GCA16_ATAC_hs_i17-26
    threads: 4
    resources: tmpdir=/tmp


[Mon Nov 17 11:03:48 2025]
rule samtools_sort:
    input: /media/WORK/gborrego/AB_Multiomics_CD14_CD4/data/clean/aligned/02_0LHS_02YGIPBLN_GCA6_ATAC_hs_i18-27.sam
    output: /media/WORK/gborrego/AB_Multiomics_CD14_CD4/data/clean/aligned/02_0LHS_02YGIPBLN_GCA6_ATAC_hs_i18-27_align.bam
    log: logs/samtools_afterbw2/02_0LHS_02YGIPBLN_GCA6_ATAC_hs_i18-27.log
    jobid: 3
    reason: Missing output files: /media/WORK/gborrego/AB_Multiomics_CD14_CD4/data/clean/aligned/02_0LHS_02YGIPBLN_GCA6_ATAC_hs_i18-27_align.bam
    wildcards: uniq_sample=02_0LHS_02YGIPBLN_GCA6_ATAC_hs_i18-27
    threads: 4
    resources: tmpdir=/tmp


[Mon Nov 17 11:03:48 2025]
rule samtools_sort:
    input: /media/WORK/gborrego/AB_Multiomics_CD14_CD4/data/clean/aligned/03_0LHT_02YGIPBLN_C4_ATAC_hs_i19-28.sam
    output: /media/WORK/gborrego/AB_Multiomics_CD14_CD4/data/clean/aligned/03_0LHT_02YGIPBLN_C4_ATAC_hs_i19-28_align.bam
    log: logs/samtools_afterbw2/03_0LHT_02YGIPBLN_C4_ATAC_hs_i19-28.log
    jobid: 5
    reason: Missing output files: /media/WORK/gborrego/AB_Multiomics_CD14_CD4/data/clean/aligned/03_0LHT_02YGIPBLN_C4_ATAC_hs_i19-28_align.bam
    wildcards: uniq_sample=03_0LHT_02YGIPBLN_C4_ATAC_hs_i19-28
    threads: 4
    resources: tmpdir=/tmp

[Mon Nov 17 11:32:56 2025]
Finished job 5.
1 of 5 steps (20%) done
Select jobs to execute...

[Mon Nov 17 11:32:56 2025]
rule samtools_sort:
    input: /media/WORK/gborrego/AB_Multiomics_CD14_CD4/data/clean/aligned/04_0LHU_02YGIPBLN_C15_ATAC_hs_i20-29.sam
    output: /media/WORK/gborrego/AB_Multiomics_CD14_CD4/data/clean/aligned/04_0LHU_02YGIPBLN_C15_ATAC_hs_i20-29_align.bam
    log: logs/samtools_afterbw2/04_0LHU_02YGIPBLN_C15_ATAC_hs_i20-29.log
    jobid: 7
    reason: Missing output files: /media/WORK/gborrego/AB_Multiomics_CD14_CD4/data/clean/aligned/04_0LHU_02YGIPBLN_C15_ATAC_hs_i20-29_align.bam
    wildcards: uniq_sample=04_0LHU_02YGIPBLN_C15_ATAC_hs_i20-29
    threads: 4
    resources: tmpdir=/tmp

[Mon Nov 17 11:46:47 2025]
Finished job 3.
2 of 5 steps (40%) done
[Mon Nov 17 11:58:23 2025]
Finished job 7.
3 of 5 steps (60%) done
[Mon Nov 17 12:05:44 2025]
Finished job 1.
4 of 5 steps (80%) done
Select jobs to execute...

[Mon Nov 17 12:05:44 2025]
localrule all:
    input: /media/WORK/gborrego/AB_Multiomics_CD14_CD4/data/clean/aligned/01_0LHR_02YGIPBLN_GCA16_ATAC_hs_i17-26_align.bam, /media/WORK/gborrego/AB_Multiomics_CD14_CD4/data/clean/aligned/02_0LHS_02YGIPBLN_GCA6_ATAC_hs_i18-27_align.bam, /media/WORK/gborrego/AB_Multiomics_CD14_CD4/data/clean/aligned/03_0LHT_02YGIPBLN_C4_ATAC_hs_i19-28_align.bam, /media/WORK/gborrego/AB_Multiomics_CD14_CD4/data/clean/aligned/04_0LHU_02YGIPBLN_C15_ATAC_hs_i20-29_align.bam
    jobid: 0
    reason: Input files updated by another job: /media/WORK/gborrego/AB_Multiomics_CD14_CD4/data/clean/aligned/02_0LHS_02YGIPBLN_GCA6_ATAC_hs_i18-27_align.bam, /media/WORK/gborrego/AB_Multiomics_CD14_CD4/data/clean/aligned/01_0LHR_02YGIPBLN_GCA16_ATAC_hs_i17-26_align.bam, /media/WORK/gborrego/AB_Multiomics_CD14_CD4/data/clean/aligned/03_0LHT_02YGIPBLN_C4_ATAC_hs_i19-28_align.bam, /media/WORK/gborrego/AB_Multiomics_CD14_CD4/data/clean/aligned/04_0LHU_02YGIPBLN_C15_ATAC_hs_i20-29_align.bam
    resources: tmpdir=/tmp

[Mon Nov 17 12:05:44 2025]
Finished job 0.
5 of 5 steps (100%) done
Complete log: .snakemake/log/2025-11-17T110347.388160.snakemake.log
