Building DAG of jobs...
Using shell: /media/scratch/gborrego/conda/envs/ATACpipeline/bin/bash
Provided cores: 8
Rules claiming more threads will be scaled down.
Job stats:
job        count
-------  -------
all            1
multiqc        1
total          2

Select jobs to execute...

[Thu Nov 13 16:31:20 2025]
rule multiqc:
    output: /home/gborrego/gborrego/AB_Multiomics_CD14_CD4/data/clean/qc_untrimmed/multiqc_report.html
    jobid: 1
    reason: Missing output files: /home/gborrego/gborrego/AB_Multiomics_CD14_CD4/data/clean/qc_untrimmed/multiqc_report.html
    resources: tmpdir=/tmp

[Thu Nov 13 16:31:43 2025]
Finished job 1.
1 of 2 steps (50%) done
Select jobs to execute...

[Thu Nov 13 16:31:43 2025]
localrule all:
    input: /home/gborrego/gborrego/AB_Multiomics_CD14_CD4/data/clean/qc_untrimmed/multiqc_report.html
    jobid: 0
    reason: Input files updated by another job: /home/gborrego/gborrego/AB_Multiomics_CD14_CD4/data/clean/qc_untrimmed/multiqc_report.html
    resources: tmpdir=/tmp

[Thu Nov 13 16:31:43 2025]
Finished job 0.
2 of 2 steps (100%) done
Complete log: .snakemake/log/2025-11-13T163120.248226.snakemake.log
