Building DAG of jobs...
Using shell: /media/scratch/gborrego/conda/envs/ATACpipeline/bin/bash
Provided cores: 12
Rules claiming more threads will be scaled down.
Job stats:
job              count
-------------  -------
all                  1
bowtie2_align        4
total                5

Select jobs to execute...

[Fri Nov 14 10:08:59 2025]
rule bowtie2_align:
    input: /home/gborrego/gborrego/AB_Multiomics_CD14_CD4/data/raw/ATAC/01_0LHR_02YGIPBLN_GCA16_ATAC_hs_i17-26_r1.fastq.gz, /home/gborrego/gborrego/AB_Multiomics_CD14_CD4/data/raw/ATAC/01_0LHR_02YGIPBLN_GCA16_ATAC_hs_i17-26_r2.fastq.gz
    output: /media/WORK/gborrego/AB_Multiomics_CD14_CD4/data/clean/aligned/01_0LHR_02YGIPBLN_GCA16_ATAC_hs_i17-26_align.bam
    log: logs/bowtie2/01_0LHR_02YGIPBLN_GCA16_ATAC_hs_i17-26.err, logs/bowtie2/01_0LHR_02YGIPBLN_GCA16_ATAC_hs_i17-26.out
    jobid: 1
    reason: Missing output files: /media/WORK/gborrego/AB_Multiomics_CD14_CD4/data/clean/aligned/01_0LHR_02YGIPBLN_GCA16_ATAC_hs_i17-26_align.bam
    wildcards: uniq_sample=01_0LHR_02YGIPBLN_GCA16_ATAC_hs_i17-26
    threads: 6
    resources: tmpdir=/tmp


[Fri Nov 14 10:09:00 2025]
rule bowtie2_align:
    input: /home/gborrego/gborrego/AB_Multiomics_CD14_CD4/data/raw/ATAC/03_0LHT_02YGIPBLN_C4_ATAC_hs_i19-28_r1.fastq.gz, /home/gborrego/gborrego/AB_Multiomics_CD14_CD4/data/raw/ATAC/03_0LHT_02YGIPBLN_C4_ATAC_hs_i19-28_r2.fastq.gz
    output: /media/WORK/gborrego/AB_Multiomics_CD14_CD4/data/clean/aligned/03_0LHT_02YGIPBLN_C4_ATAC_hs_i19-28_align.bam
    log: logs/bowtie2/03_0LHT_02YGIPBLN_C4_ATAC_hs_i19-28.err, logs/bowtie2/03_0LHT_02YGIPBLN_C4_ATAC_hs_i19-28.out
    jobid: 3
    reason: Missing output files: /media/WORK/gborrego/AB_Multiomics_CD14_CD4/data/clean/aligned/03_0LHT_02YGIPBLN_C4_ATAC_hs_i19-28_align.bam
    wildcards: uniq_sample=03_0LHT_02YGIPBLN_C4_ATAC_hs_i19-28
    threads: 6
    resources: tmpdir=/tmp

Terminating processes on user request, this might take some time.
[Fri Nov 14 10:12:07 2025]
Error in rule bowtie2_align:
    jobid: 1
    input: /home/gborrego/gborrego/AB_Multiomics_CD14_CD4/data/raw/ATAC/01_0LHR_02YGIPBLN_GCA16_ATAC_hs_i17-26_r1.fastq.gz, /home/gborrego/gborrego/AB_Multiomics_CD14_CD4/data/raw/ATAC/01_0LHR_02YGIPBLN_GCA16_ATAC_hs_i17-26_r2.fastq.gz
    output: /media/WORK/gborrego/AB_Multiomics_CD14_CD4/data/clean/aligned/01_0LHR_02YGIPBLN_GCA16_ATAC_hs_i17-26_align.bam
    log: logs/bowtie2/01_0LHR_02YGIPBLN_GCA16_ATAC_hs_i17-26.err, logs/bowtie2/01_0LHR_02YGIPBLN_GCA16_ATAC_hs_i17-26.out (check log file(s) for error details)
    shell:
        
        bowtie2 --very-sensitive -I 25 -X 700 -k 10             -x /media/WORK/gborrego/AB_Multiomics_CD14_CD4/data/external/Homo_sapiens_hg38/GRCh38_noalt_as/GRCh38_noalt_as             -1 /home/gborrego/gborrego/AB_Multiomics_CD14_CD4/data/raw/ATAC/01_0LHR_02YGIPBLN_GCA16_ATAC_hs_i17-26_r1.fastq.gz -2 /home/gborrego/gborrego/AB_Multiomics_CD14_CD4/data/raw/ATAC/01_0LHR_02YGIPBLN_GCA16_ATAC_hs_i17-26_r2.fastq.gz             -p 6             2> logs/bowtie2/01_0LHR_02YGIPBLN_GCA16_ATAC_hs_i17-26.err         | samtools sort -o /media/WORK/gborrego/AB_Multiomics_CD14_CD4/data/clean/aligned/01_0LHR_02YGIPBLN_GCA16_ATAC_hs_i17-26_align.bam -             > logs/bowtie2/01_0LHR_02YGIPBLN_GCA16_ATAC_hs_i17-26.out
        
        (one of the commands exited with non-zero exit code; note that snakemake uses bash strict mode!)

[Fri Nov 14 10:12:07 2025]
Error in rule bowtie2_align:
    jobid: 3
    input: /home/gborrego/gborrego/AB_Multiomics_CD14_CD4/data/raw/ATAC/03_0LHT_02YGIPBLN_C4_ATAC_hs_i19-28_r1.fastq.gz, /home/gborrego/gborrego/AB_Multiomics_CD14_CD4/data/raw/ATAC/03_0LHT_02YGIPBLN_C4_ATAC_hs_i19-28_r2.fastq.gz
    output: /media/WORK/gborrego/AB_Multiomics_CD14_CD4/data/clean/aligned/03_0LHT_02YGIPBLN_C4_ATAC_hs_i19-28_align.bam
    log: logs/bowtie2/03_0LHT_02YGIPBLN_C4_ATAC_hs_i19-28.err, logs/bowtie2/03_0LHT_02YGIPBLN_C4_ATAC_hs_i19-28.out (check log file(s) for error details)
    shell:
        
        bowtie2 --very-sensitive -I 25 -X 700 -k 10             -x /media/WORK/gborrego/AB_Multiomics_CD14_CD4/data/external/Homo_sapiens_hg38/GRCh38_noalt_as/GRCh38_noalt_as             -1 /home/gborrego/gborrego/AB_Multiomics_CD14_CD4/data/raw/ATAC/03_0LHT_02YGIPBLN_C4_ATAC_hs_i19-28_r1.fastq.gz -2 /home/gborrego/gborrego/AB_Multiomics_CD14_CD4/data/raw/ATAC/03_0LHT_02YGIPBLN_C4_ATAC_hs_i19-28_r2.fastq.gz             -p 6             2> logs/bowtie2/03_0LHT_02YGIPBLN_C4_ATAC_hs_i19-28.err         | samtools sort -o /media/WORK/gborrego/AB_Multiomics_CD14_CD4/data/clean/aligned/03_0LHT_02YGIPBLN_C4_ATAC_hs_i19-28_align.bam -             > logs/bowtie2/03_0LHT_02YGIPBLN_C4_ATAC_hs_i19-28.out
        
        (one of the commands exited with non-zero exit code; note that snakemake uses bash strict mode!)

Complete log: .snakemake/log/2025-11-14T100859.285151.snakemake.log
