Building DAG of jobs...
Using shell: /media/scratch/gborrego/conda/envs/ATACpipeline/bin/bash
Provided cores: 8
Rules claiming more threads will be scaled down.
Job stats:
job                count
---------------  -------
all                    1
multiqc_trimmed        1
total                  2

Select jobs to execute...

[Thu Nov 13 17:55:27 2025]
rule multiqc_trimmed:
    input: /home/gborrego/gborrego/AB_Multiomics_CD14_CD4/data/clean/qc_trimmed/03_0LHT_02YGIPBLN_C4_ATAC_hs_i19-28_r2.trimmed_fastqc.zip, /home/gborrego/gborrego/AB_Multiomics_CD14_CD4/data/clean/qc_trimmed/02_0LHS_02YGIPBLN_GCA6_ATAC_hs_i18-27_r1.trimmed_fastqc.zip, /home/gborrego/gborrego/AB_Multiomics_CD14_CD4/data/clean/qc_trimmed/04_0LHU_02YGIPBLN_C15_ATAC_hs_i20-29_r2.trimmed_fastqc.zip, /home/gborrego/gborrego/AB_Multiomics_CD14_CD4/data/clean/qc_trimmed/03_0LHT_02YGIPBLN_C4_ATAC_hs_i19-28_r1.trimmed_fastqc.zip, /home/gborrego/gborrego/AB_Multiomics_CD14_CD4/data/clean/qc_trimmed/01_0LHR_02YGIPBLN_GCA16_ATAC_hs_i17-26_r2.trimmed_fastqc.zip, /home/gborrego/gborrego/AB_Multiomics_CD14_CD4/data/clean/qc_trimmed/04_0LHU_02YGIPBLN_C15_ATAC_hs_i20-29_r1.trimmed_fastqc.zip, /home/gborrego/gborrego/AB_Multiomics_CD14_CD4/data/clean/qc_trimmed/01_0LHR_02YGIPBLN_GCA16_ATAC_hs_i17-26_r1.trimmed_fastqc.zip, /home/gborrego/gborrego/AB_Multiomics_CD14_CD4/data/clean/qc_trimmed/02_0LHS_02YGIPBLN_GCA6_ATAC_hs_i18-27_r2.trimmed_fastqc.zip
    output: /home/gborrego/gborrego/AB_Multiomics_CD14_CD4/data/clean/qc_trimmed/multiqc_report.html
    jobid: 1
    reason: Missing output files: /home/gborrego/gborrego/AB_Multiomics_CD14_CD4/data/clean/qc_trimmed/multiqc_report.html
    resources: tmpdir=/tmp

[Thu Nov 13 17:55:31 2025]
Finished job 1.
1 of 2 steps (50%) done
Select jobs to execute...

[Thu Nov 13 17:55:31 2025]
localrule all:
    input: /home/gborrego/gborrego/AB_Multiomics_CD14_CD4/data/clean/qc_trimmed/multiqc_report.html
    jobid: 0
    reason: Input files updated by another job: /home/gborrego/gborrego/AB_Multiomics_CD14_CD4/data/clean/qc_trimmed/multiqc_report.html
    resources: tmpdir=/tmp

[Thu Nov 13 17:55:31 2025]
Finished job 0.
2 of 2 steps (100%) done
Complete log: .snakemake/log/2025-11-13T175527.220581.snakemake.log
