Building DAG of jobs...
Using shell: /media/scratch/gborrego/conda/envs/ATACpipeline/bin/bash
Provided cores: 12
Rules claiming more threads will be scaled down.
Job stats:
job            count
-----------  -------
all                1
bowtie2_sam        4
total              5

Select jobs to execute...

[Fri Nov 14 10:45:09 2025]
rule bowtie2_sam:
    input: /home/gborrego/gborrego/AB_Multiomics_CD14_CD4/data/raw/ATAC/01_0LHR_02YGIPBLN_GCA16_ATAC_hs_i17-26_r1.fastq.gz, /home/gborrego/gborrego/AB_Multiomics_CD14_CD4/data/raw/ATAC/01_0LHR_02YGIPBLN_GCA16_ATAC_hs_i17-26_r2.fastq.gz
    output: /media/WORK/gborrego/AB_Multiomics_CD14_CD4/data/clean/aligned/01_0LHR_02YGIPBLN_GCA16_ATAC_hs_i17-26.sam
    log: logs/bowtie2/01_0LHR_02YGIPBLN_GCA16_ATAC_hs_i17-26.log
    jobid: 1
    reason: Missing output files: /media/WORK/gborrego/AB_Multiomics_CD14_CD4/data/clean/aligned/01_0LHR_02YGIPBLN_GCA16_ATAC_hs_i17-26.sam
    wildcards: uniq_sample=01_0LHR_02YGIPBLN_GCA16_ATAC_hs_i17-26
    threads: 6
    resources: tmpdir=/tmp


[Fri Nov 14 10:45:09 2025]
rule bowtie2_sam:
    input: /home/gborrego/gborrego/AB_Multiomics_CD14_CD4/data/raw/ATAC/03_0LHT_02YGIPBLN_C4_ATAC_hs_i19-28_r1.fastq.gz, /home/gborrego/gborrego/AB_Multiomics_CD14_CD4/data/raw/ATAC/03_0LHT_02YGIPBLN_C4_ATAC_hs_i19-28_r2.fastq.gz
    output: /media/WORK/gborrego/AB_Multiomics_CD14_CD4/data/clean/aligned/03_0LHT_02YGIPBLN_C4_ATAC_hs_i19-28.sam
    log: logs/bowtie2/03_0LHT_02YGIPBLN_C4_ATAC_hs_i19-28.log
    jobid: 3
    reason: Missing output files: /media/WORK/gborrego/AB_Multiomics_CD14_CD4/data/clean/aligned/03_0LHT_02YGIPBLN_C4_ATAC_hs_i19-28.sam
    wildcards: uniq_sample=03_0LHT_02YGIPBLN_C4_ATAC_hs_i19-28
    threads: 6
    resources: tmpdir=/tmp

[Fri Nov 14 13:44:48 2025]
Finished job 3.
1 of 5 steps (20%) done
Select jobs to execute...

[Fri Nov 14 13:44:48 2025]
rule bowtie2_sam:
    input: /home/gborrego/gborrego/AB_Multiomics_CD14_CD4/data/raw/ATAC/02_0LHS_02YGIPBLN_GCA6_ATAC_hs_i18-27_r1.fastq.gz, /home/gborrego/gborrego/AB_Multiomics_CD14_CD4/data/raw/ATAC/02_0LHS_02YGIPBLN_GCA6_ATAC_hs_i18-27_r2.fastq.gz
    output: /media/WORK/gborrego/AB_Multiomics_CD14_CD4/data/clean/aligned/02_0LHS_02YGIPBLN_GCA6_ATAC_hs_i18-27.sam
    log: logs/bowtie2/02_0LHS_02YGIPBLN_GCA6_ATAC_hs_i18-27.log
    jobid: 2
    reason: Missing output files: /media/WORK/gborrego/AB_Multiomics_CD14_CD4/data/clean/aligned/02_0LHS_02YGIPBLN_GCA6_ATAC_hs_i18-27.sam
    wildcards: uniq_sample=02_0LHS_02YGIPBLN_GCA6_ATAC_hs_i18-27
    threads: 6
    resources: tmpdir=/tmp

[Fri Nov 14 17:38:55 2025]
Finished job 1.
2 of 5 steps (40%) done
Select jobs to execute...

[Fri Nov 14 17:38:55 2025]
rule bowtie2_sam:
    input: /home/gborrego/gborrego/AB_Multiomics_CD14_CD4/data/raw/ATAC/04_0LHU_02YGIPBLN_C15_ATAC_hs_i20-29_r1.fastq.gz, /home/gborrego/gborrego/AB_Multiomics_CD14_CD4/data/raw/ATAC/04_0LHU_02YGIPBLN_C15_ATAC_hs_i20-29_r2.fastq.gz
    output: /media/WORK/gborrego/AB_Multiomics_CD14_CD4/data/clean/aligned/04_0LHU_02YGIPBLN_C15_ATAC_hs_i20-29.sam
    log: logs/bowtie2/04_0LHU_02YGIPBLN_C15_ATAC_hs_i20-29.log
    jobid: 4
    reason: Missing output files: /media/WORK/gborrego/AB_Multiomics_CD14_CD4/data/clean/aligned/04_0LHU_02YGIPBLN_C15_ATAC_hs_i20-29.sam
    wildcards: uniq_sample=04_0LHU_02YGIPBLN_C15_ATAC_hs_i20-29
    threads: 6
    resources: tmpdir=/tmp

[Fri Nov 14 18:14:04 2025]
Finished job 2.
3 of 5 steps (60%) done
[Fri Nov 14 20:40:17 2025]
Finished job 4.
4 of 5 steps (80%) done
Select jobs to execute...

[Fri Nov 14 20:40:17 2025]
localrule all:
    input: /media/WORK/gborrego/AB_Multiomics_CD14_CD4/data/clean/aligned/01_0LHR_02YGIPBLN_GCA16_ATAC_hs_i17-26.sam, /media/WORK/gborrego/AB_Multiomics_CD14_CD4/data/clean/aligned/02_0LHS_02YGIPBLN_GCA6_ATAC_hs_i18-27.sam, /media/WORK/gborrego/AB_Multiomics_CD14_CD4/data/clean/aligned/03_0LHT_02YGIPBLN_C4_ATAC_hs_i19-28.sam, /media/WORK/gborrego/AB_Multiomics_CD14_CD4/data/clean/aligned/04_0LHU_02YGIPBLN_C15_ATAC_hs_i20-29.sam
    jobid: 0
    reason: Input files updated by another job: /media/WORK/gborrego/AB_Multiomics_CD14_CD4/data/clean/aligned/01_0LHR_02YGIPBLN_GCA16_ATAC_hs_i17-26.sam, /media/WORK/gborrego/AB_Multiomics_CD14_CD4/data/clean/aligned/04_0LHU_02YGIPBLN_C15_ATAC_hs_i20-29.sam, /media/WORK/gborrego/AB_Multiomics_CD14_CD4/data/clean/aligned/02_0LHS_02YGIPBLN_GCA6_ATAC_hs_i18-27.sam, /media/WORK/gborrego/AB_Multiomics_CD14_CD4/data/clean/aligned/03_0LHT_02YGIPBLN_C4_ATAC_hs_i19-28.sam
    resources: tmpdir=/tmp

[Fri Nov 14 20:40:17 2025]
Finished job 0.
5 of 5 steps (100%) done
Complete log: .snakemake/log/2025-11-14T104509.186073.snakemake.log
