Building DAG of jobs...
Using shell: /media/scratch/gborrego/conda/envs/ATACpipeline/bin/bash
Provided cores: 8
Rules claiming more threads will be scaled down.
Job stats:
job        count
-------  -------
all            1
fastqc         8
multiqc        1
total         10

Select jobs to execute...

[Thu Nov 13 16:46:39 2025]
rule fastqc:
    input: /home/gborrego/gborrego/AB_Multiomics_CD14_CD4/data/raw/ATAC/03_0LHT_02YGIPBLN_C4_ATAC_hs_i19-28_r2.fastq.gz
    output: /home/gborrego/gborrego/AB_Multiomics_CD14_CD4/data/clean/qc_untrimmed/03_0LHT_02YGIPBLN_C4_ATAC_hs_i19-28_r2_fastqc.html, /home/gborrego/gborrego/AB_Multiomics_CD14_CD4/data/clean/qc_untrimmed/03_0LHT_02YGIPBLN_C4_ATAC_hs_i19-28_r2_fastqc.zip
    log: logs/qc_untrimmed/03_0LHT_02YGIPBLN_C4_ATAC_hs_i19-28_r2.log
    jobid: 2
    reason: Missing output files: /home/gborrego/gborrego/AB_Multiomics_CD14_CD4/data/clean/qc_untrimmed/03_0LHT_02YGIPBLN_C4_ATAC_hs_i19-28_r2_fastqc.zip; Code has changed since last execution
    wildcards: sample=03_0LHT_02YGIPBLN_C4_ATAC_hs_i19-28_r2
    resources: tmpdir=/tmp


[Thu Nov 13 16:46:39 2025]
rule fastqc:
    input: /home/gborrego/gborrego/AB_Multiomics_CD14_CD4/data/raw/ATAC/02_0LHS_02YGIPBLN_GCA6_ATAC_hs_i18-27_r1.fastq.gz
    output: /home/gborrego/gborrego/AB_Multiomics_CD14_CD4/data/clean/qc_untrimmed/02_0LHS_02YGIPBLN_GCA6_ATAC_hs_i18-27_r1_fastqc.html, /home/gborrego/gborrego/AB_Multiomics_CD14_CD4/data/clean/qc_untrimmed/02_0LHS_02YGIPBLN_GCA6_ATAC_hs_i18-27_r1_fastqc.zip
    log: logs/qc_untrimmed/02_0LHS_02YGIPBLN_GCA6_ATAC_hs_i18-27_r1.log
    jobid: 3
    reason: Missing output files: /home/gborrego/gborrego/AB_Multiomics_CD14_CD4/data/clean/qc_untrimmed/02_0LHS_02YGIPBLN_GCA6_ATAC_hs_i18-27_r1_fastqc.zip; Code has changed since last execution
    wildcards: sample=02_0LHS_02YGIPBLN_GCA6_ATAC_hs_i18-27_r1
    resources: tmpdir=/tmp


[Thu Nov 13 16:46:39 2025]
rule fastqc:
    input: /home/gborrego/gborrego/AB_Multiomics_CD14_CD4/data/raw/ATAC/03_0LHT_02YGIPBLN_C4_ATAC_hs_i19-28_r1.fastq.gz
    output: /home/gborrego/gborrego/AB_Multiomics_CD14_CD4/data/clean/qc_untrimmed/03_0LHT_02YGIPBLN_C4_ATAC_hs_i19-28_r1_fastqc.html, /home/gborrego/gborrego/AB_Multiomics_CD14_CD4/data/clean/qc_untrimmed/03_0LHT_02YGIPBLN_C4_ATAC_hs_i19-28_r1_fastqc.zip
    log: logs/qc_untrimmed/03_0LHT_02YGIPBLN_C4_ATAC_hs_i19-28_r1.log
    jobid: 5
    reason: Missing output files: /home/gborrego/gborrego/AB_Multiomics_CD14_CD4/data/clean/qc_untrimmed/03_0LHT_02YGIPBLN_C4_ATAC_hs_i19-28_r1_fastqc.zip; Code has changed since last execution
    wildcards: sample=03_0LHT_02YGIPBLN_C4_ATAC_hs_i19-28_r1
    resources: tmpdir=/tmp


[Thu Nov 13 16:46:39 2025]
rule fastqc:
    input: /home/gborrego/gborrego/AB_Multiomics_CD14_CD4/data/raw/ATAC/04_0LHU_02YGIPBLN_C15_ATAC_hs_i20-29_r1.fastq.gz
    output: /home/gborrego/gborrego/AB_Multiomics_CD14_CD4/data/clean/qc_untrimmed/04_0LHU_02YGIPBLN_C15_ATAC_hs_i20-29_r1_fastqc.html, /home/gborrego/gborrego/AB_Multiomics_CD14_CD4/data/clean/qc_untrimmed/04_0LHU_02YGIPBLN_C15_ATAC_hs_i20-29_r1_fastqc.zip
    log: logs/qc_untrimmed/04_0LHU_02YGIPBLN_C15_ATAC_hs_i20-29_r1.log
    jobid: 7
    reason: Missing output files: /home/gborrego/gborrego/AB_Multiomics_CD14_CD4/data/clean/qc_untrimmed/04_0LHU_02YGIPBLN_C15_ATAC_hs_i20-29_r1_fastqc.zip; Code has changed since last execution
    wildcards: sample=04_0LHU_02YGIPBLN_C15_ATAC_hs_i20-29_r1
    resources: tmpdir=/tmp


[Thu Nov 13 16:46:39 2025]
rule fastqc:
    input: /home/gborrego/gborrego/AB_Multiomics_CD14_CD4/data/raw/ATAC/02_0LHS_02YGIPBLN_GCA6_ATAC_hs_i18-27_r2.fastq.gz
    output: /home/gborrego/gborrego/AB_Multiomics_CD14_CD4/data/clean/qc_untrimmed/02_0LHS_02YGIPBLN_GCA6_ATAC_hs_i18-27_r2_fastqc.html, /home/gborrego/gborrego/AB_Multiomics_CD14_CD4/data/clean/qc_untrimmed/02_0LHS_02YGIPBLN_GCA6_ATAC_hs_i18-27_r2_fastqc.zip
    log: logs/qc_untrimmed/02_0LHS_02YGIPBLN_GCA6_ATAC_hs_i18-27_r2.log
    jobid: 9
    reason: Missing output files: /home/gborrego/gborrego/AB_Multiomics_CD14_CD4/data/clean/qc_untrimmed/02_0LHS_02YGIPBLN_GCA6_ATAC_hs_i18-27_r2_fastqc.zip; Code has changed since last execution
    wildcards: sample=02_0LHS_02YGIPBLN_GCA6_ATAC_hs_i18-27_r2
    resources: tmpdir=/tmp


[Thu Nov 13 16:46:39 2025]
rule fastqc:
    input: /home/gborrego/gborrego/AB_Multiomics_CD14_CD4/data/raw/ATAC/04_0LHU_02YGIPBLN_C15_ATAC_hs_i20-29_r2.fastq.gz
    output: /home/gborrego/gborrego/AB_Multiomics_CD14_CD4/data/clean/qc_untrimmed/04_0LHU_02YGIPBLN_C15_ATAC_hs_i20-29_r2_fastqc.html, /home/gborrego/gborrego/AB_Multiomics_CD14_CD4/data/clean/qc_untrimmed/04_0LHU_02YGIPBLN_C15_ATAC_hs_i20-29_r2_fastqc.zip
    log: logs/qc_untrimmed/04_0LHU_02YGIPBLN_C15_ATAC_hs_i20-29_r2.log
    jobid: 4
    reason: Missing output files: /home/gborrego/gborrego/AB_Multiomics_CD14_CD4/data/clean/qc_untrimmed/04_0LHU_02YGIPBLN_C15_ATAC_hs_i20-29_r2_fastqc.zip; Code has changed since last execution
    wildcards: sample=04_0LHU_02YGIPBLN_C15_ATAC_hs_i20-29_r2
    resources: tmpdir=/tmp


[Thu Nov 13 16:46:39 2025]
rule fastqc:
    input: /home/gborrego/gborrego/AB_Multiomics_CD14_CD4/data/raw/ATAC/01_0LHR_02YGIPBLN_GCA16_ATAC_hs_i17-26_r2.fastq.gz
    output: /home/gborrego/gborrego/AB_Multiomics_CD14_CD4/data/clean/qc_untrimmed/01_0LHR_02YGIPBLN_GCA16_ATAC_hs_i17-26_r2_fastqc.html, /home/gborrego/gborrego/AB_Multiomics_CD14_CD4/data/clean/qc_untrimmed/01_0LHR_02YGIPBLN_GCA16_ATAC_hs_i17-26_r2_fastqc.zip
    log: logs/qc_untrimmed/01_0LHR_02YGIPBLN_GCA16_ATAC_hs_i17-26_r2.log
    jobid: 6
    reason: Missing output files: /home/gborrego/gborrego/AB_Multiomics_CD14_CD4/data/clean/qc_untrimmed/01_0LHR_02YGIPBLN_GCA16_ATAC_hs_i17-26_r2_fastqc.zip; Code has changed since last execution
    wildcards: sample=01_0LHR_02YGIPBLN_GCA16_ATAC_hs_i17-26_r2
    resources: tmpdir=/tmp


[Thu Nov 13 16:46:39 2025]
rule fastqc:
    input: /home/gborrego/gborrego/AB_Multiomics_CD14_CD4/data/raw/ATAC/01_0LHR_02YGIPBLN_GCA16_ATAC_hs_i17-26_r1.fastq.gz
    output: /home/gborrego/gborrego/AB_Multiomics_CD14_CD4/data/clean/qc_untrimmed/01_0LHR_02YGIPBLN_GCA16_ATAC_hs_i17-26_r1_fastqc.html, /home/gborrego/gborrego/AB_Multiomics_CD14_CD4/data/clean/qc_untrimmed/01_0LHR_02YGIPBLN_GCA16_ATAC_hs_i17-26_r1_fastqc.zip
    log: logs/qc_untrimmed/01_0LHR_02YGIPBLN_GCA16_ATAC_hs_i17-26_r1.log
    jobid: 8
    reason: Missing output files: /home/gborrego/gborrego/AB_Multiomics_CD14_CD4/data/clean/qc_untrimmed/01_0LHR_02YGIPBLN_GCA16_ATAC_hs_i17-26_r1_fastqc.zip; Code has changed since last execution
    wildcards: sample=01_0LHR_02YGIPBLN_GCA16_ATAC_hs_i17-26_r1
    resources: tmpdir=/tmp

[Thu Nov 13 16:49:14 2025]
Finished job 7.
1 of 10 steps (10%) done
[Thu Nov 13 16:49:15 2025]
Finished job 5.
2 of 10 steps (20%) done
[Thu Nov 13 16:49:16 2025]
Finished job 2.
3 of 10 steps (30%) done
[Thu Nov 13 16:49:21 2025]
Finished job 4.
4 of 10 steps (40%) done
[Thu Nov 13 16:50:14 2025]
Finished job 3.
5 of 10 steps (50%) done
[Thu Nov 13 16:50:22 2025]
Finished job 9.
6 of 10 steps (60%) done
[Thu Nov 13 16:52:18 2025]
Finished job 6.
7 of 10 steps (70%) done
[Thu Nov 13 16:52:31 2025]
Finished job 8.
8 of 10 steps (80%) done
Select jobs to execute...

[Thu Nov 13 16:52:31 2025]
rule multiqc:
    input: /home/gborrego/gborrego/AB_Multiomics_CD14_CD4/data/clean/qc_untrimmed/03_0LHT_02YGIPBLN_C4_ATAC_hs_i19-28_r2_fastqc.zip, /home/gborrego/gborrego/AB_Multiomics_CD14_CD4/data/clean/qc_untrimmed/02_0LHS_02YGIPBLN_GCA6_ATAC_hs_i18-27_r1_fastqc.zip, /home/gborrego/gborrego/AB_Multiomics_CD14_CD4/data/clean/qc_untrimmed/04_0LHU_02YGIPBLN_C15_ATAC_hs_i20-29_r2_fastqc.zip, /home/gborrego/gborrego/AB_Multiomics_CD14_CD4/data/clean/qc_untrimmed/03_0LHT_02YGIPBLN_C4_ATAC_hs_i19-28_r1_fastqc.zip, /home/gborrego/gborrego/AB_Multiomics_CD14_CD4/data/clean/qc_untrimmed/01_0LHR_02YGIPBLN_GCA16_ATAC_hs_i17-26_r2_fastqc.zip, /home/gborrego/gborrego/AB_Multiomics_CD14_CD4/data/clean/qc_untrimmed/04_0LHU_02YGIPBLN_C15_ATAC_hs_i20-29_r1_fastqc.zip, /home/gborrego/gborrego/AB_Multiomics_CD14_CD4/data/clean/qc_untrimmed/01_0LHR_02YGIPBLN_GCA16_ATAC_hs_i17-26_r1_fastqc.zip, /home/gborrego/gborrego/AB_Multiomics_CD14_CD4/data/clean/qc_untrimmed/02_0LHS_02YGIPBLN_GCA6_ATAC_hs_i18-27_r2_fastqc.zip
    output: /home/gborrego/gborrego/AB_Multiomics_CD14_CD4/data/clean/qc_untrimmed/multiqc_report.html
    jobid: 1
    reason: Missing output files: /home/gborrego/gborrego/AB_Multiomics_CD14_CD4/data/clean/qc_untrimmed/multiqc_report.html; Input files updated by another job: /home/gborrego/gborrego/AB_Multiomics_CD14_CD4/data/clean/qc_untrimmed/01_0LHR_02YGIPBLN_GCA16_ATAC_hs_i17-26_r2_fastqc.zip, /home/gborrego/gborrego/AB_Multiomics_CD14_CD4/data/clean/qc_untrimmed/03_0LHT_02YGIPBLN_C4_ATAC_hs_i19-28_r2_fastqc.zip, /home/gborrego/gborrego/AB_Multiomics_CD14_CD4/data/clean/qc_untrimmed/01_0LHR_02YGIPBLN_GCA16_ATAC_hs_i17-26_r1_fastqc.zip, /home/gborrego/gborrego/AB_Multiomics_CD14_CD4/data/clean/qc_untrimmed/02_0LHS_02YGIPBLN_GCA6_ATAC_hs_i18-27_r1_fastqc.zip, /home/gborrego/gborrego/AB_Multiomics_CD14_CD4/data/clean/qc_untrimmed/02_0LHS_02YGIPBLN_GCA6_ATAC_hs_i18-27_r2_fastqc.zip, /home/gborrego/gborrego/AB_Multiomics_CD14_CD4/data/clean/qc_untrimmed/04_0LHU_02YGIPBLN_C15_ATAC_hs_i20-29_r2_fastqc.zip, /home/gborrego/gborrego/AB_Multiomics_CD14_CD4/data/clean/qc_untrimmed/04_0LHU_02YGIPBLN_C15_ATAC_hs_i20-29_r1_fastqc.zip, /home/gborrego/gborrego/AB_Multiomics_CD14_CD4/data/clean/qc_untrimmed/03_0LHT_02YGIPBLN_C4_ATAC_hs_i19-28_r1_fastqc.zip
    resources: tmpdir=/tmp

[Thu Nov 13 16:52:34 2025]
Finished job 1.
9 of 10 steps (90%) done
Select jobs to execute...

[Thu Nov 13 16:52:34 2025]
localrule all:
    input: /home/gborrego/gborrego/AB_Multiomics_CD14_CD4/data/clean/qc_untrimmed/multiqc_report.html
    jobid: 0
    reason: Input files updated by another job: /home/gborrego/gborrego/AB_Multiomics_CD14_CD4/data/clean/qc_untrimmed/multiqc_report.html
    resources: tmpdir=/tmp

[Thu Nov 13 16:52:34 2025]
Finished job 0.
10 of 10 steps (100%) done
Complete log: .snakemake/log/2025-11-13T164638.463269.snakemake.log
